<?xml version="1.0" encoding="UTF-8"?>
<testng-results skipped="0" failed="0" ignored="0" total="1" passed="1">
  <reporter-output>
  </reporter-output>
  <suite name="Suite" duration-ms="59" started-at="2018-11-25T05:47:49Z" finished-at="2018-11-25T05:47:49Z">
    <groups>
    </groups>
    <test name="Test" duration-ms="59" started-at="2018-11-25T05:47:49Z" finished-at="2018-11-25T05:47:49Z">
      <class name="carLoan.parameterExample">
        <test-method status="PASS" signature="toTestUsershouldAbleSelectCarType(java.lang.String, java.lang.String, java.lang.String)[pri:0, instance:carLoan.parameterExample@1fcfece]" name="toTestUsershouldAbleSelectCarType" duration-ms="14" started-at="2018-11-25T05:47:49Z" finished-at="2018-11-25T05:47:49Z">
          <params>
            <param index="0">
              <value>
                <![CDATA[www.flipkart.com]]>
              </value>
            </param>
            <param index="1">
              <value>
                <![CDATA[testuser]]>
              </value>
            </param>
            <param index="2">
              <value>
                <![CDATA[123]]>
              </value>
            </param>
          </params>
          <reporter-output>
          </reporter-output>
        </test-method> <!-- toTestUsershouldAbleSelectCarType -->
      </class> <!-- carLoan.parameterExample -->
    </test> <!-- Test -->
  </suite> <!-- Suite -->
</testng-results>
